0 info it worked if it ends with ok
1 verbose cli [ '/usr/bin/node', '/usr/bin/npm', 'run', 'test-dev' ]
2 info using npm@3.5.2
3 info using node@v8.10.0
4 verbose run-script [ 'pretest-dev', 'test-dev', 'posttest-dev' ]
5 info lifecycle jasmine-node@1.0.0~pretest-dev: jasmine-node@1.0.0
6 silly lifecycle jasmine-node@1.0.0~pretest-dev: no script for pretest-dev, continuing
7 info lifecycle jasmine-node@1.0.0~test-dev: jasmine-node@1.0.0
8 verbose lifecycle jasmine-node@1.0.0~test-dev: unsafe-perm in lifecycle true
9 verbose lifecycle jasmine-node@1.0.0~test-dev: PATH: /usr/share/npm/bin/node-gyp-bin:/home/f3268634/git/cursos/udemy/jasmine-node/node_modules/.bin:/usr/local/sbin:/usr/local/bin:/usr/sbin:/usr/bin:/sbin:/bin:/snap/bin
10 verbose lifecycle jasmine-node@1.0.0~test-dev: CWD: /home/f3268634/git/cursos/udemy/jasmine-node
11 silly lifecycle jasmine-node@1.0.0~test-dev: Args: [ '-c', 'karma start' ]
12 silly lifecycle jasmine-node@1.0.0~test-dev: Returned: code: 1  signal: null
13 info lifecycle jasmine-node@1.0.0~test-dev: Failed to exec test-dev script
14 verbose stack Error: jasmine-node@1.0.0 test-dev: `karma start`
14 verbose stack Exit status 1
14 verbose stack     at EventEmitter.<anonymous> (/usr/share/npm/lib/utils/lifecycle.js:232:16)
14 verbose stack     at emitTwo (events.js:126:13)
14 verbose stack     at EventEmitter.emit (events.js:214:7)
14 verbose stack     at ChildProcess.<anonymous> (/usr/share/npm/lib/utils/spawn.js:24:14)
14 verbose stack     at emitTwo (events.js:126:13)
14 verbose stack     at ChildProcess.emit (events.js:214:7)
14 verbose stack     at maybeClose (internal/child_process.js:925:16)
14 verbose stack     at Process.ChildProcess._handle.onexit (internal/child_process.js:209:5)
15 verbose pkgid jasmine-node@1.0.0
16 verbose cwd /home/f3268634/git/cursos/udemy/jasmine-node
17 error Linux 4.18.0-17-generic
18 error argv "/usr/bin/node" "/usr/bin/npm" "run" "test-dev"
19 error node v8.10.0
20 error npm  v3.5.2
21 error code ELIFECYCLE
22 error jasmine-node@1.0.0 test-dev: `karma start`
22 error Exit status 1
23 error Failed at the jasmine-node@1.0.0 test-dev script 'karma start'.
23 error Make sure you have the latest version of node.js and npm installed.
23 error If you do, this is most likely a problem with the jasmine-node package,
23 error not with npm itself.
23 error Tell the author that this fails on your system:
23 error     karma start
23 error You can get information on how to open an issue for this project with:
23 error     npm bugs jasmine-node
23 error Or if that isn't available, you can get their info via:
23 error     npm owner ls jasmine-node
23 error There is likely additional logging output above.
24 verbose exit [ 1, true ]
